fasjgashugasjfjSFSAJFASJFausfjsajfjkasjfksakfkjfjsaflkfnvcnshfkjsafdnasfbsaf
fsajfbasgjsajgdsbvjasfbjsakjbfbjksabfbafsbafsbjhfaafsfasjgashugasjfjSFSAJFASJFausfjsajfjkasjfksakfkjfjsaflkfnvcnshfkjsafdnasfbsaf
fsajfbasgjsajgdsbvjasfbjsakjbfbjksabfbafsbafsbjhfaaffasjgashugasjfjSFSAJFASJFausfjsajfjkasjfksakfkjfjsaflkfnvcnshfkjsafdnasfbsaf
fsajfbasgjsajgdsbvjasfbjsakjbfbjksabfbafsbafsbjhfaaffasjgashugasjfjSFSAJFASJFausfjsajfjkasjfksakfkjfjsaflkfnvcnshfkjsafdnasfbsaf
fsajfbasgjsajgdsbvjasfbjsakjbfbjksabfbafsbafsbjhfaaffasjgashugasjfjSFSAJFASJFausfjsajfjkasjfksakfkjfjsaflkfnvcnshfkjsafdnasfbsaf
fsajfbasgjsajgdsbvjasfbjsakjbfbjksabfbafsbafsbjhfaaffasjgashugasjfjSFSAJFASJFausfjsajfjkasjfksakfkjfjsaflkfnvcnshfkjsafdnasfbsaf
fsajfbasgjsajgdsbvjasfbjsakjbfbjksabfbafsbafsbjhfaafalknsfjhasnfksb ghasjfnbhsaofvnbchjvhjapsofhsaifasmnfsafghasjfnbhsaofvnbchjvhjapsofhsaifasmnfsaf
ghasjfnbhsaofvnbchjvhjapsofhsaifasmnfsafghasjfnbhsaofvnbchjvhjapsofhsaifasmnfsafghasjfnbhsaofvnbchjvhjapsofhsaifasmnfsaffsajfbasgjsajgdsbvjasfbjsakjbfbjksabfbafsbafsbjhfaaffasjgashugasjfjSFSAJFASJFausfjsajfjkasjfksakfkjfjsaflkfnvcnshfkjsafdnasfbsaf
fsajfbasgjsajgdsbvjasfbjsakjbfbjksabfbafsbafsbjhfaaffasjgashugasjfjSFSAJFASJFausfjsajfjkasjfksakfkjfjsaflkfnvcnshfkjsafdnasfbsaf
fsajfbasgjsajgdsbvjasfbjsakjbfbjksabfbafsbafsbjhfaaffasjgashugasjfjSFSAJFASJFausfjsajfjkasjfksakfkjfjsaflkfnvcnshfkjsafdnasfbsaf
fsajfbasgjsajgdsbvjasfbjsakjbfbjksabfbafsbafsbjhfaaffasjgashugasjfjSFSAJFASJFausfjsajfjkasjfksakfkjfjsaflkfnvcnshfkjsafdnasfbsaf
fsajfbasgjsajgdsbvjasfbjsakjbfbjksabfbafsbafsbjhfaafalknsfjhasnfksb ghasjfnbhsaofvnbchjvhjapsofhsaifasmnfsafghasjfnbhsaofvnbchjvhjapsofhsaifasmnfsaf
ghasjfnbhsaofvnbchjvhjapsofhsaifasmnfsafghasjfnbhsaofvnbchjvhjapsofhsaifasmnfsafghasjfnbhsaofvnbchjvhjapsofhsaifasmnfsaffsajfbasgjsajgdsbvjasfbjsakjbfbjksabfbafsbafsbjhfaaffasjgashugasjfjSFSAJFASJFausfjsajfjkasjfksakfkjfjsaflkfnvcnshfkjsafdnasfbsaf
fsajfbasgjsajgdsbvjasfbjsakjbfbjksabfbafsbafsbjhfaaffasjgashugasjfjSFSAJFASJFausfjsajfjkasjfksakfkjfjsaflkfnvcnshfkjsafdnasfbsaf
fsajfbasgjsajgdsbvjasfbjsakjbfbjksabfbafsbafsbjhfaaffasjgashugasjfjSFSAJFASJFausfjsajfjkasjfksakfkjfjsaflkfnvcnshfkjsafdnasfbsaf
fsajfbasgjsajgdsbvjasfbjsakjbfbjksabfbafsbafsbjhfaaffasjgashugasjfjSFSAJFASJFausfjsajfjkasjfksakfkjfjsaflkfnvcnshfkjsafdnasfbsaf
fsajfbasgjsajgdsbvjasfbjsakjbfbjksabfbafsbafsbjhfaafalknsfjhasnfksb ghasjfnbhsaofvnbchjvhjapsofhsaifasmnfsafghasjfnbhsaofvnbchjvhjapsofhsaifasmnfsaf
ghasjfnbhsaofvnbchjvhjapsofhsaifasmnfsafghasjfnbhsaofvnbchjvhjapsofhsaifasmnfsafghasjfnbhsaofvnbchjvhjapsofhsaifasmnfsaffsajfbasgjsajgdsbvjasfbjsakjbfbjksabfbafsbafsbjhfaaffasjgashugasjfjSFSAJFASJFausfjsajfjkasjfksakfkjfjsaflkfnvcnshfkjsafdnasfbsaf
fsajfbasgjsajgdsbvjasfbjsakjbfbjksabfbafsbafsbjhfaaffasjgashugasjfjSFSAJFASJFausfjsajfjkasjfksakfkjfjsaflkfnvcnshfkjsafdnasfbsaf
fsajfbasgjsajgdsbvjasfbjsakjbfbjksabfbafsbafsbjhfaaffasjgashugasjfjSFSAJFASJFausfjsajfjkasjfksakfkjfjsaflkfnvcnshfkjsafdnasfbsaf
fsajfbasgjsajgdsbvjasfbjsakjbfbjksabfbafsbafsbjhfaaffasjgashugasjfjSFSAJFASJFausfjsajfjkasjfksakfkjfjsaflkfnvcnshfkjsafdnasfbsaf
fsajfbasgjsajgdsbvjasfbjsakjbfbjksabfbafsbafsbjhfaafalknsfjhasnfksb ghasjfnbhsaofvnbchjvhjapsofhsaifasmnfsafghasjfnbhsaofvnbchjvhjapsofhsaifasmnfsaf
ghasjfnbhsaofvnbchjvhjapsofhsaifasmnfsafghasjfnbhsaofvnbchjvhjapsofhsaifasmnfsafghasjfnbhsaofvnbchjvhjapsofhsaifasmnfsaffsajfbasgjsajgdsbvjasfbjsakjbfbjksabfbafsbafsbjhfaaffasjgashugasjfjSFSAJFASJFausfjsajfjkasjfksakfkjfjsaflkfnvcnshfkjsafdnasfbsaf
fsajfbasgjsajgdsbvjasfbjsakjbfbjksabfbafsbafsbjhfaaffasjgashugasjfjSFSAJFASJFausfjsajfjkasjfksakfkjfjsaflkfnvcnshfkjsafdnasfbsaf
fsajfbasgjsajgdsbvjasfbjsakjbfbjksabfbafsbafsbjhfaaffasjgashugasjfjSFSAJFASJFausfjsajfjkasjfksakfkjfjsaflkfnvcnshfkjsafdnasfbsaf
fsajfbasgjsajgdsbvjasfbjsakjbfbjksabfbafsbafsbjhfaaffasjgashugasjfjSFSAJFASJFausfjsajfjkasjfksakfkjfjsaflkfnvcnshfkjsafdnasfbsaf
fsajfbasgjsajgdsbvjasfbjsakjbfbjksabfbafsbafsbjhfaafalknsfjhasnfksb ghasjfnbhsaofvnbchjvhjapsofhsaifasmnfsafghasjfnbhsaofvnbchjvhjapsofhsaifasmnfsaf
ghasjfnbhsaofvnbchjvhjapsofhsaifasmnfsafghasjfnbhsaofvnbchjvhjapsofhsaifasmnfsafghasjfnbhsaofvnbchjvhjapsofhsaifasmnfsaffasjgashugasjfjSFSAJFASJFausfjsajfjkasjfksakfkjfjsaflkfnvcnshfkjsafdnasfbsaf
fsajfbasgjsajgdsbvjasfbjsakjbfbjksabfbafsbafsbjhfaafsfasjgashugasjfjSFSAJFASJFausfjsajfjkasjfksakfkjfjsaflkfnvcnshfkjsafdnasfbsaf
fsajfbasgjsajgdsbvjasfbjsakjbfbjksabfbafsbafsbjhfaaffasjgashugasjfjSFSAJFASJFausfjsajfjkasjfksakfkjfjsaflkfnvcnshfkjsafdnasfbsaf
fsajfbasgjsajgdsbvjasfbjsakjbfbjksabfbafsbafsbjhfaaffasjgashugasjfjSFSAJFASJFausfjsajfjkasjfksakfkjfjsaflkfnvcnshfkjsafdnasfbsaf
fsajfbasgjsajgdsbvjasfbjsakjbfbjksabfbafsbafsbjhfaaffasjgashugasjfjSFSAJFASJFausfjsajfjkasjfksakfkjfjsaflkfnvcnshfkjsafdnasfbsaf
fsajfbasgjsajgdsbvjasfbjsakjbfbjksabfbafsbafsbjhfaaffasjgashugasjfjSFSAJFASJFausfjsajfjkasjfksakfkjfjsaflkfnvcnshfkjsafdnasfbsaf
fsajfbasgjsajgdsbvjasfbjsakjbfbjksabfbafsbafsbjhfaafalknsfjhasnfksb ghasjfnbhsaofvnbchjvhjapsofhsaifasmnfsafghasjfnbhsaofvnbchjvhjapsofhsaifasmnfsaf
ghasjfnbhsaofvnbchjvhjapsofhsaifasmnfsafghasjfnbhsaofvnbchjvhjapsofhsaifasmnfsafghasjfnbhsaofvnbchjvhjapsofhsaifasmnfsaffsajfbasgjsajgdsbvjasfbjsakjbfbjksabfbafsbafsbjhfaaffasjgashugasjfjSFSAJFASJFausfjsajfjkasjfksakfkjfjsaflkfnvcnshfkjsafdnasfbsaf
fsajfbasgjsajgdsbvjasfbjsakjbfbjksabfbafsbafsbjhfaaffasjgashugasjfjSFSAJFASJFausfjsajfjkasjfksakfkjfjsaflkfnvcnshfkjsafdnasfbsaf
fsajfbasgjsajgdsbvjasfbjsakjbfbjksabfbafsbafsbjhfaaffasjgashugasjfjSFSAJFASJFausfjsajfjkasjfksakfkjfjsaflkfnvcnshfkjsafdnasfbsaf
fsajfbasgjsajgdsbvjasfbjsakjbfbjksabfbafsbafsbjhfaaffasjgashugasjfjSFSAJFASJFausfjsajfjkasjfksakfkjfjsaflkfnvcnshfkjsafdnasfbsaf
fsajfbasgjsajgdsbvjasfbjsakjbfbjksabfbafsbafsbjhfaafalknsfjhasnfksb ghasjfnbhsaofvnbchjvhjapsofhsaifasmnfsafghasjfnbhsaofvnbchjvhjapsofhsaifasmnfsaf
ghasjfnbhsaofvnbchjvhjapsofhsaifasmnfsafghasjfnbhsaofvnbchjvhjapsofhsaifasmnfsafghasjfnbhsaofvnbchjvhjapsofhsaifasmnfsaffsajfbasgjsajgdsbvjasfbjsakjbfbjksabfbafsbafsbjhfaaffasjgashugasjfjSFSAJFASJFausfjsajfjkasjfksakfkjfjsaflkfnvcnshfkjsafdnasfbsaf
fsajfbasgjsajgdsbvjasfbjsakjbfbjksabfbafsbafsbjhfaaffasjgashugasjfjSFSAJFASJFausfjsajfjkasjfksakfkjfjsaflkfnvcnshfkjsafdnasfbsaf
fsajfbasgjsajgdsbvjasfbjsakjbfbjksabfbafsbafsbjhfaaffasjgashugasjfjSFSAJFASJFausfjsajfjkasjfksakfkjfjsaflkfnvcnshfkjsafdnasfbsaf
fsajfbasgjsajgdsbvjasfbjsakjbfbjksabfbafsbafsbjhfaaffasjgashugasjfjSFSAJFASJFausfjsajfjkasjfksakfkjfjsaflkfnvcnshfkjsafdnasfbsaf
fsajfbasgjsajgdsbvjasfbjsakjbfbjksabfbafsbafsbjhfaafalknsfjhasnfksb ghasjfnbhsaofvnbchjvhjapsofhsaifasmnfsafghasjfnbhsaofvnbchjvhjapsofhsaifasmnfsaf
ghasjfnbhsaofvnbchjvhjapsofhsaifasmnfsafghasjfnbhsaofvnbchjvhjapsofhsaifasmnfsafghasjfnbhsaofvnbchjvhjapsofhsaifasmnfsaffsajfbasgjsajgdsbvjasfbjsakjbfbjksabfbafsbafsbjhfaaffasjgashugasjfjSFSAJFASJFausfjsajfjkasjfksakfkjfjsaflkfnvcnshfkjsafdnasfbsaf
fsajfbasgjsajgdsbvjasfbjsakjbfbjksabfbafsbafsbjhfaaffasjgashugasjfjSFSAJFASJFausfjsajfjkasjfksakfkjfjsaflkfnvcnshfkjsafdnasfbsaf
fsajfbasgjsajgdsbvjasfbjsakjbfbjksabfbafsbafsbjhfaaffasjgashugasjfjSFSAJFASJFausfjsajfjkasjfksakfkjfjsaflkfnvcnshfkjsafdnasfbsaf
fsajfbasgjsajgdsbvjasfbjsakjbfbjksabfbafsbafsbjhfaaffasjgashugasjfjSFSAJFASJFausfjsajfjkasjfksakfkjfjsaflkfnvcnshfkjsafdnasfbsaf
fsajfbasgjsajgdsbvjasfbjsakjbfbjksabfbafsbafsbjhfaafalknsfjhasnfksb ghasjfnbhsaofvnbchjvhjapsofhsaifasmnfsafghasjfnbhsaofvnbchjvhjapsofhsaifasmnfsaf
ghasjfnbhsaofvnbchjvhjapsofhsaifasmnfsafghasjfnbhsaofvnbchjvhjapsofhsaifasmnfsafghasjfnbhsaofvnbchjvhjapsofhsaifasmnfsaffsajfbasgjsajgdsbvjasfbjsakjbfbjksabfbafsbafsbjhfaaffasjgashugasjfjSFSAJFASJFausfjsajfjkasjfksakfkjfjsaflkfnvcnshfkjsafdnasfbsaf
fsajfbasgjsajgdsbvjasfbjsakjbfbjksabfbafsbafsbjhfaaffasjgashugasjfjSFSAJFASJFausfjsajfjkasjfksakfkjfjsaflkfnvcnshfkjsafdnasfbsaf
fsajfbasgjsajgdsbvjasfbjsakjbfbjksabfbafsbafsbjhfaaffasjgashugasjfjSFSAJFASJFausfjsajfjkasjfksakfkjfjsaflkfnvcnshfkjsafdnasfbsaf
fsajfbasgjsajgdsbvjasfbjsakjbfbjksabfbafsbafsbjhfaaffasjgashugasjfjSFSAJFASJFausfjsajfjkasjfksakfkjfjsaflkfnvcnshfkjsafdnasfbsaf
fsajfbasgjsajgdsbvjasfbjsakjbfbjksabfbafsbafsbjhfaafalknsfjhasnfksb ghasjfnbhsaofvnbchjvhjapsofhsaifasmnfsafghasjfnbhsaofvnbchjvhjapsofhsaifasmnfsaf
ghasjfnbhsaofvnbchjvhjapsofhsaifasmnfsafghasjfnbhsaofvnbchjvhjapsofhsaifasmnfsafghasjfnbhsaofvnbchjvhjapsofhsaifasmnfsaf